neutral1 0 = Jzczhz(L=0.017580049949915525, C=3.3767210245085756E-5, h=211.59895673453013)
neutral1 10 = Jzczhz(L=0.01720883876215196, C=3.319247916767921E-5, h=211.598990466393)
neutral1 50 = Jzczhz(L=0.016194192816266096, C=3.1603612822717406E-5, h=211.5990861847199)
neutral1 100 = Jzczhz(L=0.01491710199863671, C=2.9564683408641865E-5, h=211.59921477157565)
neutral1 200 = Jzczhz(L=0.012419025912093814, C=2.5438469378302423E-5, h=211.59949821294654)
neutral1 300 = Jzczhz(L=0.010097298187197932, C=2.1416979312223664E-5, h=211.59981233811496)
neutral1 400 = Jzczhz(L=0.007885462735958415, C=1.7386068715161937E-5, h=211.60017901587406)
neutral1 500 = Jzczhz(L=0.005815914895234246, C=1.3396681571849955E-5, h=211.60061717007807)
neutral1 600 = Jzczhz(L=0.004198187917249932, C=1.0091240215210803E-5, h=211.60106951785124)
neutral1 700 = Jzczhz(L=0.002695487762239713, C=6.8235585975217476E-6, h=211.60165590645911)
neutral1 800 = Jzczhz(L=0.0015342903147554181, C=4.112383367032235E-6, h=211.60235325356146)
neutral1 900 = Jzczhz(L=6.789793323185895E-4, C=1.9484598399208957E-6, h=211.6032646839946)
neutral1 1000 = Jzczhz(L=-8.077935669463161E-26, C=2.5849394142282115E-26, h=180.0)
neutral2 0 = Jzczhz(L=0.017580049949915525, C=3.3767210245085756E-5, h=211.59895673453013)
neutral2 10 = Jzczhz(L=0.01720883876215196, C=3.319247916767921E-5, h=211.598990466393)
neutral2 50 = Jzczhz(L=0.016194192816266096, C=3.1603612822717406E-5, h=211.5990861847199)
neutral2 100 = Jzczhz(L=0.01491710199863671, C=2.9564683408641865E-5, h=211.59921477157565)
neutral2 200 = Jzczhz(L=0.012419025912093814, C=2.5438469378302423E-5, h=211.59949821294654)
neutral2 300 = Jzczhz(L=0.010097298187197932, C=2.1416979312223664E-5, h=211.59981233811496)
neutral2 400 = Jzczhz(L=0.007885462735958415, C=1.7386068715161937E-5, h=211.60017901587406)
neutral2 500 = Jzczhz(L=0.005815914895234246, C=1.3396681571849955E-5, h=211.60061717007807)
neutral2 600 = Jzczhz(L=0.004198187917249932, C=1.0091240215210803E-5, h=211.60106951785124)
neutral2 700 = Jzczhz(L=0.002695487762239713, C=6.8235585975217476E-6, h=211.60165590645911)
neutral2 800 = Jzczhz(L=0.0015342903147554181, C=4.112383367032235E-6, h=211.60235325356146)
neutral2 900 = Jzczhz(L=6.789793323185895E-4, C=1.9484598399208957E-6, h=211.6032646839946)
neutral2 1000 = Jzczhz(L=-8.077935669463161E-26, C=2.5849394142282115E-26, h=180.0)
accent1 0 = Jzczhz(L=0.017580049949915525, C=3.3767210245085756E-5, h=211.59895673453013)
accent1 10 = Jzczhz(L=0.017367138147296717, C=4.014346278966526E-4, h=285.151900780574)
accent1 50 = Jzczhz(L=0.01642291341198141, C=0.001888357251259, h=256.44362935263985)
accent1 100 = Jzczhz(L=0.014938664057181306, C=0.0043762949778171955, h=257.48354851909835)
accent1 200 = Jzczhz(L=0.01248568843585511, C=0.008406247429578276, h=258.0925847097427)
accent1 300 = Jzczhz(L=0.010307494889256098, C=0.012268770085448546, h=258.17394853906933)
accent1 400 = Jzczhz(L=0.008213461972906393, C=0.01608420676084443, h=259.504402276119)
accent1 500 = Jzczhz(L=0.0065616770547071495, C=0.018923577753209735, h=261.41661174594026)
accent1 600 = Jzczhz(L=0.004918024486730441, C=0.016058349875418845, h=262.5528486595044)
accent1 700 = Jzczhz(L=0.00325600581879628, C=0.011330872009096576, h=263.3384411914146)
accent1 800 = Jzczhz(L=0.001848716903376604, C=0.006711485515854241, h=263.92790052519297)
accent1 900 = Jzczhz(L=9.665505618153995E-4, C=0.0035878342204534175, h=264.30433776218194)
accent1 1000 = Jzczhz(L=-8.077935669463161E-26, C=2.5849394142282115E-26, h=180.0)
accent2 0 = Jzczhz(L=0.017580049949915525, C=3.3767210245085756E-5, h=211.59895673453013)
accent2 10 = Jzczhz(L=0.01731483880250187, C=5.237138540541943E-4, h=293.1788990881523)
accent2 50 = Jzczhz(L=0.016203785270229046, C=0.0024116910935519952, h=273.52417392018384)
accent2 100 = Jzczhz(L=0.015120291344638393, C=0.004351220979088475, h=274.43561369587655)
accent2 200 = Jzczhz(L=0.012605681705775699, C=0.004117727783718818, h=274.3947955892894)
accent2 300 = Jzczhz(L=0.010267153309292095, C=0.0038594622702407817, h=274.34775268622633)
accent2 400 = Jzczhz(L=0.008095120706052264, C=0.00360659909372655, h=273.0837123111383)
accent2 500 = Jzczhz(L=0.005963599009581431, C=0.003351414862190264, h=274.24256151683363)
accent2 600 = Jzczhz(L=0.004309252537281758, C=0.003019852467240112, h=272.9608992153426)
accent2 700 = Jzczhz(L=0.00283814312987426, C=0.002494461816502732, h=272.8038320575125)
accent2 800 = Jzczhz(L=0.0016300658209881043, C=0.001959162952355176, h=271.39596145922184)
accent2 900 = Jzczhz(L=7.457080257852632E-4, C=0.001455453948149352, h=270.3747873528938)
accent2 1000 = Jzczhz(L=-8.077935669463161E-26, C=2.5849394142282115E-26, h=180.0)
accent3 0 = Jzczhz(L=0.017580049949915525, C=3.3767210245085756E-5, h=211.59895673453013)
accent3 10 = Jzczhz(L=0.017345201254102015, C=3.649489701617598E-4, h=341.3094147431434)
accent3 50 = Jzczhz(L=0.01635847474786948, C=0.003274383823847317, h=316.93438478728274)
accent3 100 = Jzczhz(L=0.015389386553222617, C=0.004916981331058338, h=306.0239486904867)
accent3 200 = Jzczhz(L=0.012898020915007588, C=0.005151579850466488, h=302.46531383328755)
accent3 300 = Jzczhz(L=0.010526082561761858, C=0.004862067409797519, h=301.9946384017025)
accent3 400 = Jzczhz(L=0.00829017432267654, C=0.004528826278025457, h=302.62341411348496)
accent3 500 = Jzczhz(L=0.006131096814918115, C=0.004011878950470345, h=301.63547821041095)
accent3 600 = Jzczhz(L=0.004533675708770605, C=0.003608526192352056, h=300.9521207173243)
accent3 700 = Jzczhz(L=0.002996530209850868, C=0.0030997521377455458, h=301.3968695592015)
accent3 800 = Jzczhz(L=0.0017515063949168996, C=0.002440617504177209, h=299.8042729803824)
accent3 900 = Jzczhz(L=8.372313902725507E-4, C=0.001719963578019223, h=299.07415548307023)
accent3 1000 = Jzczhz(L=-8.077935669463161E-26, C=2.5849394142282115E-26, h=180.0)
