neutral1 0 = Jzczhz(L=0.017580049949915525, C=3.3767210245085756E-5, h=211.59895673453013)
neutral1 10 = Jzczhz(L=0.01720883876215196, C=3.319247916767921E-5, h=211.598990466393)
neutral1 50 = Jzczhz(L=0.016194192816266096, C=3.1603612822717406E-5, h=211.5990861847199)
neutral1 100 = Jzczhz(L=0.01491710199863671, C=2.9564683408641865E-5, h=211.59921477157565)
neutral1 200 = Jzczhz(L=0.012419025912093814, C=2.5438469378302423E-5, h=211.59949821294654)
neutral1 300 = Jzczhz(L=0.010097298187197932, C=2.1416979312223664E-5, h=211.59981233811496)
neutral1 400 = Jzczhz(L=0.007885462735958415, C=1.7386068715161937E-5, h=211.60017901587406)
neutral1 500 = Jzczhz(L=0.005815914895234246, C=1.3396681571849955E-5, h=211.60061717007807)
neutral1 600 = Jzczhz(L=0.004198187917249932, C=1.0091240215210803E-5, h=211.60106951785124)
neutral1 700 = Jzczhz(L=0.002695487762239713, C=6.8235585975217476E-6, h=211.60165590645911)
neutral1 800 = Jzczhz(L=0.0015342903147554181, C=4.112383367032235E-6, h=211.60235325356146)
neutral1 900 = Jzczhz(L=6.789793323185895E-4, C=1.9484598399208957E-6, h=211.6032646839946)
neutral1 1000 = Jzczhz(L=-8.077935669463161E-26, C=2.5849394142282115E-26, h=180.0)
neutral2 0 = Jzczhz(L=0.017580049949915525, C=3.3767210245085756E-5, h=211.59895673453013)
neutral2 10 = Jzczhz(L=0.01720883876215196, C=3.319247916767921E-5, h=211.598990466393)
neutral2 50 = Jzczhz(L=0.016194192816266096, C=3.1603612822717406E-5, h=211.5990861847199)
neutral2 100 = Jzczhz(L=0.01491710199863671, C=2.9564683408641865E-5, h=211.59921477157565)
neutral2 200 = Jzczhz(L=0.012419025912093814, C=2.5438469378302423E-5, h=211.59949821294654)
neutral2 300 = Jzczhz(L=0.010097298187197932, C=2.1416979312223664E-5, h=211.59981233811496)
neutral2 400 = Jzczhz(L=0.007885462735958415, C=1.7386068715161937E-5, h=211.60017901587406)
neutral2 500 = Jzczhz(L=0.005815914895234246, C=1.3396681571849955E-5, h=211.60061717007807)
neutral2 600 = Jzczhz(L=0.004198187917249932, C=1.0091240215210803E-5, h=211.60106951785124)
neutral2 700 = Jzczhz(L=0.002695487762239713, C=6.8235585975217476E-6, h=211.60165590645911)
neutral2 800 = Jzczhz(L=0.0015342903147554181, C=4.112383367032235E-6, h=211.60235325356146)
neutral2 900 = Jzczhz(L=6.789793323185895E-4, C=1.9484598399208957E-6, h=211.6032646839946)
neutral2 1000 = Jzczhz(L=-8.077935669463161E-26, C=2.5849394142282115E-26, h=180.0)
accent1 0 = Jzczhz(L=0.017580049949915525, C=3.3767210245085756E-5, h=211.59895673453013)
accent1 10 = Jzczhz(L=0.017164674466777496, C=0.0012697304977829476, h=189.08856810743956)
accent1 50 = Jzczhz(L=0.01521038647317915, C=0.00770298525787191, h=192.83527359943017)
accent1 100 = Jzczhz(L=0.014183800694397458, C=0.007853230114948422, h=188.12202492900778)
accent1 200 = Jzczhz(L=0.011724312981344747, C=0.0073580357058207055, h=188.3209645207479)
accent1 300 = Jzczhz(L=0.00942761171818916, C=0.006889364988165844, h=188.68558015650834)
accent1 400 = Jzczhz(L=0.0073452421001019555, C=0.006298831382815769, h=188.90248063337074)
accent1 500 = Jzczhz(L=0.005224221454203149, C=0.005445064538377475, h=188.70391970739584)
accent1 600 = Jzczhz(L=0.003879303511601471, C=0.004211445662040528, h=186.9891759847092)
accent1 700 = Jzczhz(L=0.002735193298591895, C=0.0031861234104951655, h=178.30842117796487)
accent1 800 = Jzczhz(L=0.001610350697985989, C=0.0020011370043345428, h=176.287195615148)
accent1 900 = Jzczhz(L=6.281941761361588E-4, C=9.686826515353421E-4, h=160.2669066820461)
accent1 1000 = Jzczhz(L=-8.077935669463161E-26, C=2.5849394142282115E-26, h=180.0)
accent2 0 = Jzczhz(L=0.017580049949915525, C=3.3767210245085756E-5, h=211.59895673453013)
accent2 10 = Jzczhz(L=0.017138493093172624, C=0.0013579921514499749, h=190.26142823475726)
accent2 50 = Jzczhz(L=0.0158703287985287, C=0.0038350213439429215, h=188.58839776497373)
accent2 100 = Jzczhz(L=0.014548208511936672, C=0.0037031506477665757, h=190.19733447309656)
accent2 200 = Jzczhz(L=0.012096024302505908, C=0.003495162269527507, h=189.58395035448504)
accent2 300 = Jzczhz(L=0.009802577561468108, C=0.003329430002918582, h=189.2460112128229)
accent2 400 = Jzczhz(L=0.007643390301308154, C=0.0030472615159638575, h=188.4418474050155)
accent2 500 = Jzczhz(L=0.0054977791164358076, C=0.002688207388275195, h=189.7919318369444)
accent2 600 = Jzczhz(L=0.003999571168050151, C=0.0023895126980754333, h=189.07297333056889)
accent2 700 = Jzczhz(L=0.002559265311601954, C=0.0019684065314393246, h=187.80187992841724)
accent2 800 = Jzczhz(L=0.001422433075501546, C=0.0014769967297427232, h=188.75467584776396)
accent2 900 = Jzczhz(L=6.377072827839894E-4, C=8.214319711436486E-4, h=187.0917281091268)
accent2 1000 = Jzczhz(L=-8.077935669463161E-26, C=2.5849394142282115E-26, h=180.0)
accent3 0 = Jzczhz(L=0.017580049949915525, C=3.3767210245085756E-5, h=211.59895673453013)
accent3 10 = Jzczhz(L=0.017370546984355834, C=5.448633319307487E-4, h=313.8334138206528)
accent3 50 = Jzczhz(L=0.01633345420318995, C=0.0027370376293602283, h=304.96324263863113)
accent3 100 = Jzczhz(L=0.015227161385325908, C=0.004635151117075793, h=294.39484906883115)
accent3 200 = Jzczhz(L=0.012811635406555881, C=0.005603364810806353, h=289.4422755289382)
accent3 300 = Jzczhz(L=0.010442832204988229, C=0.00532028172128853, h=288.67936237014396)
accent3 400 = Jzczhz(L=0.008250640387347628, C=0.004866934737580546, h=288.22766351069544)
accent3 500 = Jzczhz(L=0.0060566959333715155, C=0.00446109140620604, h=287.2719073959832)
accent3 600 = Jzczhz(L=0.004465212696259905, C=0.004054197732025247, h=286.2662853934271)
accent3 700 = Jzczhz(L=0.002950953846710814, C=0.0033391366799030383, h=285.8528028514453)
accent3 800 = Jzczhz(L=0.001727761573396038, C=0.0026795095716885373, h=284.812643968844)
accent3 900 = Jzczhz(L=8.050072314904271E-4, C=0.001962957097562856, h=282.19570671957683)
accent3 1000 = Jzczhz(L=-8.077935669463161E-26, C=2.5849394142282115E-26, h=180.0)
