neutral1 0 = Jzczhz(L=0.017580049949915525, C=3.3767210245085756E-5, h=211.59895673453013)
neutral1 10 = Jzczhz(L=0.017175991631597713, C=8.454622555680133E-4, h=234.7866406221247)
neutral1 50 = Jzczhz(L=0.016174060633042792, C=0.0015013452664738463, h=258.25614169234143)
neutral1 100 = Jzczhz(L=0.014948954543118897, C=0.001418408321100772, h=253.6672371856788)
neutral1 200 = Jzczhz(L=0.012450491468295494, C=0.001380594321659895, h=253.80248564496094)
neutral1 300 = Jzczhz(L=0.010080432681725742, C=0.0013958762739433208, h=258.5800252278151)
neutral1 400 = Jzczhz(L=0.007858852960080025, C=0.0012091261480002122, h=256.959127746208)
neutral1 500 = Jzczhz(L=0.005813288512271889, C=0.001077752869629502, h=260.247625446584)
neutral1 600 = Jzczhz(L=0.004196821961743298, C=9.8750112100364E-4, h=260.4437774749422)
neutral1 700 = Jzczhz(L=0.002686902177831858, C=7.720528174298483E-4, h=258.8518957295114)
neutral1 800 = Jzczhz(L=0.001528898385134948, C=6.359737407621808E-4, h=259.2828947160161)
neutral1 900 = Jzczhz(L=6.717515643473483E-4, C=4.0760617717240037E-4, h=257.76547810943856)
neutral1 1000 = Jzczhz(L=-8.077935669463161E-26, C=2.5849394142282115E-26, h=180.0)
neutral2 0 = Jzczhz(L=0.017580049949915525, C=3.3767210245085756E-5, h=211.59895673453013)
neutral2 10 = Jzczhz(L=0.017177429263020336, C=7.330104557301037E-4, h=252.64680347328783)
neutral2 50 = Jzczhz(L=0.016175889009444087, C=8.557477916100797E-4, h=256.4658761277941)
neutral2 100 = Jzczhz(L=0.014925738291315207, C=7.886852570180179E-4, h=261.7138187916126)
neutral2 200 = Jzczhz(L=0.012427539379337077, C=7.666944181758824E-4, h=261.9169950464259)
neutral2 300 = Jzczhz(L=0.01009385860387389, C=6.138923579606752E-4, h=259.12543008946005)
neutral2 400 = Jzczhz(L=0.007882383303592554, C=5.821364194769648E-4, h=259.3666772521192)
neutral2 500 = Jzczhz(L=0.005813292513498413, C=5.400376476311199E-4, h=259.623387202877)
neutral2 600 = Jzczhz(L=0.0041960567804346415, C=4.930575577678047E-4, h=259.8635318734424)
neutral2 700 = Jzczhz(L=0.0026940022853122482, C=4.289884232048018E-4, h=260.15552481992336)
neutral2 800 = Jzczhz(L=0.0015266436860041361, C=2.786062076130388E-4, h=256.19142354394205)
neutral2 900 = Jzczhz(L=6.739832806674818E-4, C=2.0060702055704912E-4, h=256.77531588289963)
neutral2 1000 = Jzczhz(L=-8.077935669463161E-26, C=2.5849394142282115E-26, h=180.0)
accent1 0 = Jzczhz(L=0.017580049949915525, C=3.3767210245085756E-5, h=211.59895673453013)
accent1 10 = Jzczhz(L=0.016175973044196042, C=0.00458418718178036, h=209.70786805749054)
accent1 50 = Jzczhz(L=0.015327906186706654, C=0.00532593505052341, h=225.1393643808301)
accent1 100 = Jzczhz(L=0.014293959461332606, C=0.006599274977290207, h=238.84888548231356)
accent1 200 = Jzczhz(L=0.012228655735970002, C=0.00992428403491098, h=253.33821997408327)
accent1 300 = Jzczhz(L=0.0103059690811491, C=0.012092305763258981, h=258.252224189065)
accent1 400 = Jzczhz(L=0.0080890712048491, C=0.011380549795428355, h=259.0664561300738)
accent1 500 = Jzczhz(L=0.0059940892419036084, C=0.010258587199155159, h=259.7570794056943)
accent1 600 = Jzczhz(L=0.004382742469244157, C=0.00936640845866335, h=260.72769094830585)
accent1 700 = Jzczhz(L=0.0028838382854721595, C=0.007993517263676343, h=261.98866536611126)
accent1 800 = Jzczhz(L=0.0017170851334530844, C=0.006558324561517493, h=264.10661387601)
accent1 900 = Jzczhz(L=8.621560148147318E-4, C=0.004879737336329149, h=268.90128489032475)
accent1 1000 = Jzczhz(L=-8.077935669463161E-26, C=2.5849394142282115E-26, h=180.0)
accent2 0 = Jzczhz(L=0.017580049949915525, C=3.3767210245085756E-5, h=211.59895673453013)
accent2 10 = Jzczhz(L=0.01691209293074007, C=0.0017222782008831734, h=220.13508861320338)
accent2 50 = Jzczhz(L=0.016046389434098782, C=0.0028603976171533005, h=246.6421383696343)
accent2 100 = Jzczhz(L=0.014952913468423949, C=0.004510547381405879, h=258.0377238887738)
accent2 200 = Jzczhz(L=0.012445504512037008, C=0.004273357175762364, h=257.6093992017889)
accent2 300 = Jzczhz(L=0.010138099957163102, C=0.0039566956985970835, h=258.10099519197496)
accent2 400 = Jzczhz(L=0.007918555358091288, C=0.0036561110922621255, h=257.7103394921014)
accent2 500 = Jzczhz(L=0.005843574828246632, C=0.0033057337847728213, h=257.38178123977207)
accent2 600 = Jzczhz(L=0.004238468288856613, C=0.0028997670770766963, h=258.05591129684854)
accent2 700 = Jzczhz(L=0.0027327554054273474, C=0.0024634785425301227, h=257.9987671228336)
accent2 800 = Jzczhz(L=0.0015453309204998078, C=0.0019122868166368727, h=260.2222009733052)
accent2 900 = Jzczhz(L=7.046000094560478E-4, C=0.0013607689385775016, h=262.1853815620286)
accent2 1000 = Jzczhz(L=-8.077935669463161E-26, C=2.5849394142282115E-26, h=180.0)
accent3 0 = Jzczhz(L=0.017580049949915525, C=3.3767210245085756E-5, h=211.59895673453013)
accent3 10 = Jzczhz(L=0.016756022817505316, C=0.002190021128054064, h=316.55249780737694)
accent3 50 = Jzczhz(L=0.016211993666474953, C=0.0036779828064111993, h=317.03461537698723)
accent3 100 = Jzczhz(L=0.015205465240891345, C=0.0049530652368791036, h=309.4850949680231)
accent3 200 = Jzczhz(L=0.012664795394888718, C=0.004698256093809862, h=309.25634414447813)
accent3 300 = Jzczhz(L=0.010302120996905022, C=0.004411353420869904, h=308.9990861215797)
accent3 400 = Jzczhz(L=0.008118466970777052, C=0.003981230542624696, h=309.76162116440855)
accent3 500 = Jzczhz(L=0.006008696909937618, C=0.003596485954589803, h=309.4530345539535)
accent3 600 = Jzczhz(L=0.004365862683047921, C=0.003286456672277374, h=307.92900227653183)
accent3 700 = Jzczhz(L=0.0028199322152236824, C=0.002698333197531675, h=308.588458325298)
accent3 800 = Jzczhz(L=0.0016333895045877835, C=0.0021459226312824185, h=307.879505252475)
accent3 900 = Jzczhz(L=7.532109718557815E-4, C=0.0014503793883634249, h=308.2203332742533)
accent3 1000 = Jzczhz(L=-8.077935669463161E-26, C=2.5849394142282115E-26, h=180.0)
