neutral1 0 = Jzczhz(L=0.017580049949915525, C=3.3767210245085756E-5, h=211.59895673453013)
neutral1 10 = Jzczhz(L=0.01731483880250187, C=5.237138540541943E-4, h=293.1788990881523)
neutral1 50 = Jzczhz(L=0.016299249983508894, C=5.201358279278137E-4, h=293.3241465738123)
neutral1 100 = Jzczhz(L=0.014993724721895092, C=5.294973635813994E-4, h=283.25560501969716)
neutral1 200 = Jzczhz(L=0.012493265673562763, C=5.15109287652435E-4, h=283.5978989479264)
neutral1 300 = Jzczhz(L=0.010143536271876164, C=5.240456172340659E-4, h=274.4613872975741)
neutral1 400 = Jzczhz(L=0.007952958243103363, C=4.7172568338956E-4, h=284.24891733637776)
neutral1 500 = Jzczhz(L=0.005878457837575557, C=4.385469060937106E-4, h=284.5647541812911)
neutral1 600 = Jzczhz(L=0.00422587668375852, C=3.1713244073024746E-4, h=274.9272350381845)
neutral1 700 = Jzczhz(L=0.0027607022126919355, C=3.065310053943767E-4, h=264.4348215902421)
neutral1 800 = Jzczhz(L=0.001554077229565694, C=2.2616035384840524E-4, h=275.5976157939408)
neutral1 900 = Jzczhz(L=6.884156071192282E-4, C=1.0837205842949734E-4, h=275.64353131248674)
neutral1 1000 = Jzczhz(L=-8.077935669463161E-26, C=2.5849394142282115E-26, h=180.0)
neutral2 0 = Jzczhz(L=0.017580049949915525, C=3.3767210245085756E-5, h=211.59895673453013)
neutral2 10 = Jzczhz(L=0.01731483880250187, C=5.237138540541943E-4, h=293.1788990881523)
neutral2 50 = Jzczhz(L=0.016294560299852486, C=0.0014369511772954313, h=271.78419786665324)
neutral2 100 = Jzczhz(L=0.014989701795112664, C=0.0014654555068471303, h=268.53241450627337)
neutral2 200 = Jzczhz(L=0.01248978741188518, C=0.0014281640112149174, h=268.64400397921224)
neutral2 300 = Jzczhz(L=0.010153578914535376, C=0.0012497661279349517, h=267.9800375866337)
neutral2 400 = Jzczhz(L=0.007995833025238368, C=0.0012349313801915554, h=264.73315503882833)
neutral2 500 = Jzczhz(L=0.005908040447148833, C=0.0010370264956461419, h=263.6217189306439)
neutral2 600 = Jzczhz(L=0.004235081505404347, C=9.11204816024247E-4, h=267.46470373554064)
neutral2 700 = Jzczhz(L=0.002728495295769842, C=7.983531121539434E-4, h=267.6475766807942)
neutral2 800 = Jzczhz(L=0.0015625437855180987, C=6.613244637499923E-4, h=267.8809188391609)
neutral2 900 = Jzczhz(L=6.953981435162559E-4, C=4.2839598415307135E-4, h=267.1963202587938)
neutral2 1000 = Jzczhz(L=-8.077935669463161E-26, C=2.5849394142282115E-26, h=180.0)
accent1 0 = Jzczhz(L=0.017580049949915525, C=3.3767210245085756E-5, h=211.59895673453013)
accent1 10 = Jzczhz(L=0.01731483880250187, C=5.237138540541943E-4, h=293.1788990881523)
accent1 50 = Jzczhz(L=0.016253596714664368, C=0.0023136117687699927, h=264.6550942829891)
accent1 100 = Jzczhz(L=0.014990531742130792, C=0.004565090922598613, h=262.60523388851976)
accent1 200 = Jzczhz(L=0.012651921679385834, C=0.008897069280858292, h=260.97414857724516)
accent1 300 = Jzczhz(L=0.010417229812798828, C=0.012518492807129635, h=260.5315430481546)
accent1 400 = Jzczhz(L=0.008221751868078093, C=0.011774218624379468, h=260.62111784253887)
accent1 500 = Jzczhz(L=0.0061849847171084535, C=0.011035317438766424, h=260.8268741490464)
accent1 600 = Jzczhz(L=0.004506826650746422, C=0.010091142742834106, h=260.84437612620013)
accent1 700 = Jzczhz(L=0.0030124787492303655, C=0.009127849924885603, h=261.5247953336647)
accent1 800 = Jzczhz(L=0.0017803392305837627, C=0.006435091878081432, h=262.8610569526838)
accent1 900 = Jzczhz(L=8.057466018746454E-4, C=0.0032356876403373926, h=264.1056202763988)
accent1 1000 = Jzczhz(L=-8.077935669463161E-26, C=2.5849394142282115E-26, h=180.0)
accent2 0 = Jzczhz(L=0.017580049949915525, C=3.3767210245085756E-5, h=211.59895673453013)
accent2 10 = Jzczhz(L=0.01731483880250187, C=5.237138540541943E-4, h=293.1788990881523)
accent2 50 = Jzczhz(L=0.016253596714664368, C=0.0023136117687699927, h=264.6550942829891)
accent2 100 = Jzczhz(L=0.01503307630417796, C=0.003488261452706338, h=265.67800967393686)
accent2 200 = Jzczhz(L=0.0125341844659428, C=0.0034079949768581527, h=265.7376111953287)
accent2 300 = Jzczhz(L=0.010197961867843136, C=0.0031695476384898044, h=265.3994717404117)
accent2 400 = Jzczhz(L=0.007971961359192932, C=0.0029031847992245477, h=265.05294139055604)
accent2 500 = Jzczhz(L=0.005942313526001731, C=0.002649105786418715, h=263.35082191183795)
accent2 600 = Jzczhz(L=0.004258458542291967, C=0.002290367944419449, h=264.3703052937403)
accent2 700 = Jzczhz(L=0.0027872779707250623, C=0.00196989056942086, h=262.7066998806365)
accent2 800 = Jzczhz(L=0.0015823922178457614, C=0.0016184328843409726, h=264.6017127610043)
accent2 900 = Jzczhz(L=7.105634961273253E-4, C=0.0010915983437158477, h=264.39077632040465)
accent2 1000 = Jzczhz(L=-8.077935669463161E-26, C=2.5849394142282115E-26, h=180.0)
accent3 0 = Jzczhz(L=0.017580049949915525, C=3.3767210245085756E-5, h=211.59895673453013)
accent3 10 = Jzczhz(L=0.01732008794547052, C=3.514242207464424E-4, h=26.79455031653359)
accent3 50 = Jzczhz(L=0.016506385282035123, C=0.0028690769443526307, h=316.8163358649982)
accent3 100 = Jzczhz(L=0.015501767915951222, C=0.005667034662189868, h=317.40288179936255)
accent3 200 = Jzczhz(L=0.013130498535728286, C=0.0063573774692107414, h=314.9410912231561)
accent3 300 = Jzczhz(L=0.010687410700451712, C=0.006111503078255208, h=314.0642293452442)
accent3 400 = Jzczhz(L=0.00850337470710212, C=0.0054777651572812435, h=313.8119833867349)
accent3 500 = Jzczhz(L=0.006350819002759157, C=0.004979708726604553, h=312.6688901230584)
accent3 600 = Jzczhz(L=0.0046167715821158065, C=0.004346441025981962, h=311.23294217538944)
accent3 700 = Jzczhz(L=0.0030883174878534357, C=0.003649950193139881, h=310.7113505863521)
accent3 800 = Jzczhz(L=0.001822748760467024, C=0.002931540492787392, h=310.12170346876957)
accent3 900 = Jzczhz(L=8.955819366168367E-4, C=0.002143547589317751, h=307.73685440471945)
accent3 1000 = Jzczhz(L=-8.077935669463161E-26, C=2.5849394142282115E-26, h=180.0)
